  [1m[35m (0.2ms)[0m  [1m[34mSELECT pg_try_advisory_lock(3075156086142478275)[0m
  ↳ /Users/herbertvargas/.rbenv/versions/2.5.1/bin/rake:23
  [1m[35m (52.8ms)[0m  [1m[34mSELECT "schema_migrations"."version" FROM "schema_migrations" ORDER BY "schema_migrations"."version" ASC[0m
  ↳ /Users/herbertvargas/.rbenv/versions/2.5.1/bin/rake:23
Migrating to CreateHelpCenters (20180819031326)
  [1m[35m (0.2ms)[0m  [1m[35mBEGIN[0m
  ↳ /Users/herbertvargas/.rbenv/versions/2.5.1/bin/rake:23
  [1m[35m (248.2ms)[0m  [1m[35mCREATE TABLE "help_centers" ("id" bigserial primary key, "name" character varying, "latitude" float, "longitude" float, "phone_number" character varying, "picture" character varying, "schedule" character varying, "address" character varying, "created_at" timestamp NOT NULL, "updated_at" timestamp NOT NULL)[0m
  ↳ db/migrate/20180819031326_create_help_centers.rb:3
  [1m[36mActiveRecord::SchemaMigration Create (0.4ms)[0m  [1m[32mINSERT INTO "schema_migrations" ("version") VALUES ($1) RETURNING "version"[0m  [["version", "20180819031326"]]
  ↳ /Users/herbertvargas/.rbenv/versions/2.5.1/bin/rake:23
  [1m[35m (50.4ms)[0m  [1m[35mCOMMIT[0m
  ↳ /Users/herbertvargas/.rbenv/versions/2.5.1/bin/rake:23
Migrating to CreateCategories (20180819031342)
  [1m[35m (0.3ms)[0m  [1m[35mBEGIN[0m
  ↳ /Users/herbertvargas/.rbenv/versions/2.5.1/bin/rake:23
  [1m[35m (5.5ms)[0m  [1m[35mCREATE TABLE "categories" ("id" bigserial primary key, "help_centers_id" bigint, "institution_category" character varying, "created_at" timestamp NOT NULL, "updated_at" timestamp NOT NULL, CONSTRAINT "fk_rails_f2bd6ad048"
FOREIGN KEY ("help_centers_id")
  REFERENCES "help_centers" ("id")
)[0m
  ↳ db/migrate/20180819031342_create_categories.rb:3
  [1m[35m (1.3ms)[0m  [1m[35mCREATE  INDEX  "index_categories_on_help_centers_id" ON "categories"  ("help_centers_id")[0m
  ↳ db/migrate/20180819031342_create_categories.rb:3
  [1m[36mActiveRecord::SchemaMigration Create (0.4ms)[0m  [1m[32mINSERT INTO "schema_migrations" ("version") VALUES ($1) RETURNING "version"[0m  [["version", "20180819031342"]]
  ↳ /Users/herbertvargas/.rbenv/versions/2.5.1/bin/rake:23
  [1m[35m (0.8ms)[0m  [1m[35mCOMMIT[0m
  ↳ /Users/herbertvargas/.rbenv/versions/2.5.1/bin/rake:23
  [1m[36mActiveRecord::InternalMetadata Load (0.5ms)[0m  [1m[34mSELECT  "ar_internal_metadata".* FROM "ar_internal_metadata" WHERE "ar_internal_metadata"."key" = $1 LIMIT $2[0m  [["key", "environment"], ["LIMIT", 1]]
  ↳ /Users/herbertvargas/.rbenv/versions/2.5.1/bin/rake:23
  [1m[35m (0.2ms)[0m  [1m[35mBEGIN[0m
  ↳ /Users/herbertvargas/.rbenv/versions/2.5.1/bin/rake:23
  [1m[35m (0.1ms)[0m  [1m[35mCOMMIT[0m
  ↳ /Users/herbertvargas/.rbenv/versions/2.5.1/bin/rake:23
  [1m[35m (0.2ms)[0m  [1m[34mSELECT pg_advisory_unlock(3075156086142478275)[0m
  ↳ /Users/herbertvargas/.rbenv/versions/2.5.1/bin/rake:23
  [1m[35m (0.3ms)[0m  [1m[34mSELECT "schema_migrations"."version" FROM "schema_migrations" ORDER BY "schema_migrations"."version" ASC[0m
  ↳ /Users/herbertvargas/.rbenv/versions/2.5.1/bin/rake:23
  [1m[35m (0.2ms)[0m  [1m[35mBEGIN[0m
  [1m[36mHelpCenter Create (0.8ms)[0m  [1m[32mINSERT INTO "help_centers" ("name", "latitude", "longitude", "phone_number", "schedule", "address", "created_at", "updated_at") VALUES ($1, $2, $3, $4, $5, $6, $7, $8) RETURNING "id"[0m  [["name", "Comisaria de Familia Chapinero"], ["latitude", 4.628762], ["longitude", -74.070917], ["phone_number", "3459765"], ["schedule", "LUNES A VIERNES - 7:00 AM A 4:00 PM"], ["address", "CALLE 61 # 7-51"], ["created_at", "2018-08-19 03:18:54.255516"], ["updated_at", "2018-08-19 03:18:54.255516"]]
  [1m[35m (0.9ms)[0m  [1m[35mCOMMIT[0m
  [1m[35m (0.9ms)[0m  [1m[35mBEGIN[0m
  [1m[36mHelpCenter Create (0.6ms)[0m  [1m[32mINSERT INTO "help_centers" ("name", "latitude", "longitude", "phone_number", "schedule", "address", "created_at", "updated_at") VALUES ($1, $2, $3, $4, $5, $6, $7, $8) RETURNING "id"[0m  [["name", "Fundación Mujer Despierta"], ["latitude", 4.64931824], ["longitude", -74.06288154], ["phone_number", "2120601"], ["schedule", "LUNES A VIERNES - 8:00 AM A 12:00 PM"], ["address", "CALLE 63 # 11-45 piso 5"], ["created_at", "2018-08-19 03:22:59.587965"], ["updated_at", "2018-08-19 03:22:59.587965"]]
  [1m[35m (0.6ms)[0m  [1m[35mCOMMIT[0m
  [1m[35m (0.2ms)[0m  [1m[34mSELECT pg_try_advisory_lock(3075156086142478275)[0m
  ↳ bin/rails:9
  [1m[35m (1.3ms)[0m  [1m[34mSELECT "schema_migrations"."version" FROM "schema_migrations" ORDER BY "schema_migrations"."version" ASC[0m
  ↳ bin/rails:9
Migrating to DeviseCreateUsers (20180819034626)
  [1m[35m (0.1ms)[0m  [1m[35mBEGIN[0m
  ↳ bin/rails:9
  [1m[35m (105.6ms)[0m  [1m[35mCREATE TABLE "users" ("id" bigserial primary key, "email" character varying DEFAULT '' NOT NULL, "encrypted_password" character varying DEFAULT '' NOT NULL, "reset_password_token" character varying, "reset_password_sent_at" timestamp, "remember_created_at" timestamp, "created_at" timestamp NOT NULL, "updated_at" timestamp NOT NULL)[0m
  ↳ db/migrate/20180819034626_devise_create_users.rb:5
  [1m[35m (0.1ms)[0m  [1m[31mROLLBACK[0m
  ↳ bin/rails:9
  [1m[35m (0.2ms)[0m  [1m[34mSELECT pg_advisory_unlock(3075156086142478275)[0m
  ↳ bin/rails:9
  [1m[35m (0.3ms)[0m  [1m[34mSELECT pg_try_advisory_lock(3075156086142478275)[0m
  ↳ bin/rails:9
  [1m[35m (25.3ms)[0m  [1m[34mSELECT "schema_migrations"."version" FROM "schema_migrations" ORDER BY "schema_migrations"."version" ASC[0m
  ↳ bin/rails:9
Migrating to DeviseCreateUsers (20180819034626)
  [1m[35m (0.3ms)[0m  [1m[35mBEGIN[0m
  ↳ bin/rails:9
  [1m[35m (128.9ms)[0m  [1m[35mCREATE TABLE "users" ("id" bigserial primary key, "email" character varying DEFAULT '' NOT NULL, "encrypted_password" character varying DEFAULT '' NOT NULL, "reset_password_token" character varying, "reset_password_sent_at" timestamp, "remember_created_at" timestamp, "created_at" timestamp NOT NULL, "updated_at" timestamp NOT NULL)[0m
  ↳ db/migrate/20180819034626_devise_create_users.rb:5
  [1m[35m (4.6ms)[0m  [1m[35mCREATE UNIQUE INDEX  "index_users_on_email" ON "users"  ("email")[0m
  ↳ db/migrate/20180819034626_devise_create_users.rb:39
  [1m[35m (1.0ms)[0m  [1m[35mCREATE UNIQUE INDEX  "index_users_on_reset_password_token" ON "users"  ("reset_password_token")[0m
  ↳ db/migrate/20180819034626_devise_create_users.rb:40
  [1m[36mActiveRecord::SchemaMigration Create (0.5ms)[0m  [1m[32mINSERT INTO "schema_migrations" ("version") VALUES ($1) RETURNING "version"[0m  [["version", "20180819034626"]]
  ↳ bin/rails:9
  [1m[35m (0.9ms)[0m  [1m[35mCOMMIT[0m
  ↳ bin/rails:9
  [1m[36mActiveRecord::InternalMetadata Load (0.5ms)[0m  [1m[34mSELECT  "ar_internal_metadata".* FROM "ar_internal_metadata" WHERE "ar_internal_metadata"."key" = $1 LIMIT $2[0m  [["key", "environment"], ["LIMIT", 1]]
  ↳ bin/rails:9
  [1m[35m (0.2ms)[0m  [1m[35mBEGIN[0m
  ↳ bin/rails:9
  [1m[35m (0.1ms)[0m  [1m[35mCOMMIT[0m
  ↳ bin/rails:9
  [1m[35m (0.3ms)[0m  [1m[34mSELECT pg_advisory_unlock(3075156086142478275)[0m
  ↳ bin/rails:9
  [1m[35m (0.3ms)[0m  [1m[34mSELECT "schema_migrations"."version" FROM "schema_migrations" ORDER BY "schema_migrations"."version" ASC[0m
  ↳ bin/rails:9
Started GET "/" for 127.0.0.1 at 2018-08-18 22:57:34 -0500
  [1m[35m (25.0ms)[0m  [1m[34mSELECT "schema_migrations"."version" FROM "schema_migrations" ORDER BY "schema_migrations"."version" ASC[0m
  ↳ /Users/herbertvargas/.rbenv/versions/2.5.1/lib/ruby/gems/2.5.0/gems/activerecord-5.2.0/lib/active_record/log_subscriber.rb:98
  
SyntaxError (/Users/herbertvargas/Documents/Training/FullStack/n1mapp/app/controllers/application_controller.rb:12: syntax error, unexpected end-of-input, expecting keyword_end):
  
app/controllers/application_controller.rb:12: syntax error, unexpected end-of-input, expecting keyword_end
app/controllers/static_pages_controller.rb:1:in `<main>'
Started GET "/" for 127.0.0.1 at 2018-08-18 22:58:02 -0500
Processing by StaticPagesController#landing as HTML
  Rendering static_pages/landing.html.erb within layouts/application
  [1m[36mUser Load (8.5ms)[0m  [1m[34mSELECT  "users".* FROM "users" WHERE "users"."id" = $1 ORDER BY "users"."id" ASC LIMIT $2[0m  [["id", 1], ["LIMIT", 1]]
  ↳ /Users/herbertvargas/.rbenv/versions/2.5.1/lib/ruby/gems/2.5.0/bundler/gems/devise-3b0bc08ec67d/lib/devise/models/authenticatable.rb:238
  Rendered static_pages/landing.html.erb within layouts/application (23.4ms)
Completed 200 OK in 1269ms (Views: 1198.3ms | ActiveRecord: 14.2ms)


Started GET "/help_centers" for 127.0.0.1 at 2018-08-18 22:58:13 -0500
Processing by HelpCentersController#index as HTML
  Rendering help_centers/index.html.erb within layouts/application
  [1m[36mHelpCenter Load (0.9ms)[0m  [1m[34mSELECT "help_centers".* FROM "help_centers"[0m
  ↳ app/views/help_centers/index.html.erb:20
  Rendered help_centers/index.html.erb within layouts/application (35.3ms)
Completed 200 OK in 271ms (Views: 158.0ms | ActiveRecord: 4.2ms)


Started GET "/" for 127.0.0.1 at 2018-08-18 22:58:48 -0500
Processing by StaticPagesController#landing as HTML
  Rendering static_pages/landing.html.erb within layouts/application
  Rendered static_pages/landing.html.erb within layouts/application (0.7ms)
Completed 200 OK in 264ms (Views: 260.7ms | ActiveRecord: 0.0ms)


Started GET "/" for 127.0.0.1 at 2018-08-18 22:59:00 -0500
Processing by StaticPagesController#landing as HTML
  Rendering static_pages/landing.html.erb within layouts/application
  Rendered static_pages/landing.html.erb within layouts/application (0.6ms)
Completed 200 OK in 73ms (Views: 69.3ms | ActiveRecord: 0.0ms)


Started GET "/users/sign_in" for 127.0.0.1 at 2018-08-18 23:01:00 -0500
Processing by Devise::SessionsController#new as HTML
  Rendering devise/sessions/new.html.erb within layouts/application
  Rendered devise/shared/_links.html.erb (1.5ms)
  Rendered devise/sessions/new.html.erb within layouts/application (305.9ms)
Completed 200 OK in 544ms (Views: 479.5ms | ActiveRecord: 0.0ms)


Started GET "/users/sign_up" for 127.0.0.1 at 2018-08-18 23:01:20 -0500
Processing by Devise::RegistrationsController#new as HTML
  Rendering devise/registrations/new.html.erb within layouts/application
  Rendered devise/shared/_links.html.erb (2.4ms)
  Rendered devise/registrations/new.html.erb within layouts/application (47.5ms)
Completed 200 OK in 237ms (Views: 235.0ms | ActiveRecord: 0.0ms)


Started POST "/users" for 127.0.0.1 at 2018-08-18 23:01:38 -0500
Processing by Devise::RegistrationsController#create as HTML
  Parameters: {"utf8"=>"✓", "authenticity_token"=>"mvUIQo00qZ7ChAje5NIYSOu+lRFuPl1ovieEQ2Wzd6d5wUpGIgvRZ7kjCTYqPdk0XJ8gPASPjzWVMqT0ATP0bg==", "user"=>{"email"=>"user@user.com", "password"=>"[FILTERED]", "password_confirmation"=>"[FILTERED]"}, "commit"=>"Sign up"}
  [1m[35m (0.2ms)[0m  [1m[35mBEGIN[0m
  ↳ /Users/herbertvargas/.rbenv/versions/2.5.1/lib/ruby/gems/2.5.0/bundler/gems/devise-3b0bc08ec67d/app/controllers/devise/registrations_controller.rb:19
  [1m[36mUser Exists (1.6ms)[0m  [1m[34mSELECT  1 AS one FROM "users" WHERE "users"."email" = $1 LIMIT $2[0m  [["email", "user@user.com"], ["LIMIT", 1]]
  ↳ /Users/herbertvargas/.rbenv/versions/2.5.1/lib/ruby/gems/2.5.0/bundler/gems/devise-3b0bc08ec67d/app/controllers/devise/registrations_controller.rb:19
  [1m[36mUser Create (49.1ms)[0m  [1m[32mINSERT INTO "users" ("email", "encrypted_password", "created_at", "updated_at") VALUES ($1, $2, $3, $4) RETURNING "id"[0m  [["email", "user@user.com"], ["encrypted_password", "$2a$11$ipW1K7NDseGAdCDG5RsBPuhw05P3op2RPEQRb7e1JzQZuOc8PGTb6"], ["created_at", "2018-08-19 04:01:38.836502"], ["updated_at", "2018-08-19 04:01:38.836502"]]
  ↳ /Users/herbertvargas/.rbenv/versions/2.5.1/lib/ruby/gems/2.5.0/bundler/gems/devise-3b0bc08ec67d/app/controllers/devise/registrations_controller.rb:19
  [1m[35m (40.8ms)[0m  [1m[35mCOMMIT[0m
  ↳ /Users/herbertvargas/.rbenv/versions/2.5.1/lib/ruby/gems/2.5.0/bundler/gems/devise-3b0bc08ec67d/app/controllers/devise/registrations_controller.rb:19
Redirected to http://localhost:3000/
Completed 302 Found in 324ms (ActiveRecord: 91.7ms)


Started GET "/" for 127.0.0.1 at 2018-08-18 23:01:38 -0500
Processing by StaticPagesController#landing as HTML
  Rendering static_pages/landing.html.erb within layouts/application
  [1m[36mUser Load (0.6ms)[0m  [1m[34mSELECT  "users".* FROM "users" WHERE "users"."id" = $1 ORDER BY "users"."id" ASC LIMIT $2[0m  [["id", 1], ["LIMIT", 1]]
  ↳ /Users/herbertvargas/.rbenv/versions/2.5.1/lib/ruby/gems/2.5.0/bundler/gems/devise-3b0bc08ec67d/lib/devise/models/authenticatable.rb:238
  Rendered static_pages/landing.html.erb within layouts/application (2.5ms)
Completed 200 OK in 100ms (Views: 77.9ms | ActiveRecord: 0.6ms)


Started POST "/api/v1/auth_user" for 127.0.0.1 at 2018-08-19 12:09:42 -0500
  [1m[35m (1.3ms)[0m  [1m[34mSELECT "schema_migrations"."version" FROM "schema_migrations" ORDER BY "schema_migrations"."version" ASC[0m
  ↳ /Users/herbertvargas/.rbenv/versions/2.5.1/lib/ruby/gems/2.5.0/gems/activerecord-5.2.0/lib/active_record/log_subscriber.rb:98
Processing by Api::V1::AuthenticationController#authenticate_user as */*
  Parameters: {"email"=>"user@user.com", "password"=>"[FILTERED]", "authentication"=>{"email"=>"user@user.com", "password"=>"[FILTERED]"}}
Can't verify CSRF token authenticity.
Completed 422 Unprocessable Entity in 1ms (ActiveRecord: 0.0ms)


  
ActionController::InvalidAuthenticityToken (ActionController::InvalidAuthenticityToken):
  
actionpack (5.2.0) lib/action_controller/metal/request_forgery_protection.rb:211:in `handle_unverified_request'
actionpack (5.2.0) lib/action_controller/metal/request_forgery_protection.rb:243:in `handle_unverified_request'
/Users/herbertvargas/.rbenv/versions/2.5.1/lib/ruby/gems/2.5.0/bundler/gems/devise-3b0bc08ec67d/lib/devise/controllers/helpers.rb:255:in `handle_unverified_request'
actionpack (5.2.0) lib/action_controller/metal/request_forgery_protection.rb:238:in `verify_authenticity_token'
activesupport (5.2.0) lib/active_support/callbacks.rb:426:in `block in make_lambda'
activesupport (5.2.0) lib/active_support/callbacks.rb:198:in `block (2 levels) in halting'
actionpack (5.2.0) lib/abstract_controller/callbacks.rb:34:in `block (2 levels) in <module:Callbacks>'
activesupport (5.2.0) lib/active_support/callbacks.rb:199:in `block in halting'
activesupport (5.2.0) lib/active_support/callbacks.rb:513:in `block in invoke_before'
activesupport (5.2.0) lib/active_support/callbacks.rb:513:in `each'
activesupport (5.2.0) lib/active_support/callbacks.rb:513:in `invoke_before'
activesupport (5.2.0) lib/active_support/callbacks.rb:131:in `run_callbacks'
actionpack (5.2.0) lib/abstract_controller/callbacks.rb:41:in `process_action'
actionpack (5.2.0) lib/action_controller/metal/rescue.rb:22:in `process_action'
actionpack (5.2.0) lib/action_controller/metal/instrumentation.rb:34:in `block in process_action'
activesupport (5.2.0) lib/active_support/notifications.rb:168:in `block in instrument'
activesupport (5.2.0) lib/active_support/notifications/instrumenter.rb:23:in `instrument'
activesupport (5.2.0) lib/active_support/notifications.rb:168:in `instrument'
actionpack (5.2.0) lib/action_controller/metal/instrumentation.rb:32:in `process_action'
actionpack (5.2.0) lib/action_controller/metal/params_wrapper.rb:256:in `process_action'
activerecord (5.2.0) lib/active_record/railties/controller_runtime.rb:24:in `process_action'
actionpack (5.2.0) lib/abstract_controller/base.rb:134:in `process'
actionview (5.2.0) lib/action_view/rendering.rb:32:in `process'
actionpack (5.2.0) lib/action_controller/metal.rb:191:in `dispatch'
actionpack (5.2.0) lib/action_controller/metal.rb:252:in `dispatch'
actionpack (5.2.0) lib/action_dispatch/routing/route_set.rb:52:in `dispatch'
actionpack (5.2.0) lib/action_dispatch/routing/route_set.rb:34:in `serve'
actionpack (5.2.0) lib/action_dispatch/journey/router.rb:52:in `block in serve'
actionpack (5.2.0) lib/action_dispatch/journey/router.rb:35:in `each'
actionpack (5.2.0) lib/action_dispatch/journey/router.rb:35:in `serve'
actionpack (5.2.0) lib/action_dispatch/routing/route_set.rb:840:in `call'
warden (1.2.7) lib/warden/manager.rb:36:in `block in call'
warden (1.2.7) lib/warden/manager.rb:35:in `catch'
warden (1.2.7) lib/warden/manager.rb:35:in `call'
rack (2.0.5) lib/rack/tempfile_reaper.rb:15:in `call'
rack (2.0.5) lib/rack/etag.rb:25:in `call'
rack (2.0.5) lib/rack/conditional_get.rb:38:in `call'
rack (2.0.5) lib/rack/head.rb:12:in `call'
actionpack (5.2.0) lib/action_dispatch/http/content_security_policy.rb:18:in `call'
rack (2.0.5) lib/rack/session/abstract/id.rb:232:in `context'
rack (2.0.5) lib/rack/session/abstract/id.rb:226:in `call'
actionpack (5.2.0) lib/action_dispatch/middleware/cookies.rb:670:in `call'
activerecord (5.2.0) lib/active_record/migration.rb:559:in `call'
actionpack (5.2.0) lib/action_dispatch/middleware/callbacks.rb:28:in `block in call'
activesupport (5.2.0) lib/active_support/callbacks.rb:98:in `run_callbacks'
actionpack (5.2.0) lib/action_dispatch/middleware/callbacks.rb:26:in `call'
actionpack (5.2.0) lib/action_dispatch/middleware/executor.rb:14:in `call'
actionpack (5.2.0) lib/action_dispatch/middleware/debug_exceptions.rb:61:in `call'
web-console (3.6.2) lib/web_console/middleware.rb:135:in `call_app'
web-console (3.6.2) lib/web_console/middleware.rb:30:in `block in call'
web-console (3.6.2) lib/web_console/middleware.rb:20:in `catch'
web-console (3.6.2) lib/web_console/middleware.rb:20:in `call'
actionpack (5.2.0) lib/action_dispatch/middleware/show_exceptions.rb:33:in `call'
railties (5.2.0) lib/rails/rack/logger.rb:38:in `call_app'
railties (5.2.0) lib/rails/rack/logger.rb:26:in `block in call'
activesupport (5.2.0) lib/active_support/tagged_logging.rb:71:in `block in tagged'
activesupport (5.2.0) lib/active_support/tagged_logging.rb:28:in `tagged'
activesupport (5.2.0) lib/active_support/tagged_logging.rb:71:in `tagged'
railties (5.2.0) lib/rails/rack/logger.rb:26:in `call'
sprockets-rails (3.2.1) lib/sprockets/rails/quiet_assets.rb:13:in `call'
actionpack (5.2.0) lib/action_dispatch/middleware/remote_ip.rb:81:in `call'
actionpack (5.2.0) lib/action_dispatch/middleware/request_id.rb:27:in `call'
rack (2.0.5) lib/rack/method_override.rb:22:in `call'
rack (2.0.5) lib/rack/runtime.rb:22:in `call'
activesupport (5.2.0) lib/active_support/cache/strategy/local_cache_middleware.rb:29:in `call'
actionpack (5.2.0) lib/action_dispatch/middleware/executor.rb:14:in `call'
actionpack (5.2.0) lib/action_dispatch/middleware/static.rb:127:in `call'
rack (2.0.5) lib/rack/sendfile.rb:111:in `call'
railties (5.2.0) lib/rails/engine.rb:524:in `call'
puma (3.12.0) lib/puma/configuration.rb:225:in `call'
puma (3.12.0) lib/puma/server.rb:658:in `handle_request'
puma (3.12.0) lib/puma/server.rb:472:in `process_client'
puma (3.12.0) lib/puma/server.rb:332:in `block in run'
puma (3.12.0) lib/puma/thread_pool.rb:133:in `block in spawn_thread'
Started POST "/api/v1/auth_user" for 127.0.0.1 at 2018-08-19 12:12:23 -0500
Processing by Api::V1::AuthenticationController#authenticate_user as */*
  Parameters: {"email"=>"user@user.com", "password"=>"[FILTERED]", "authentication"=>{"email"=>"user@user.com", "password"=>"[FILTERED]"}}
  [1m[36mUser Load (12.6ms)[0m  [1m[34mSELECT  "users".* FROM "users" WHERE "users"."email" = $1 ORDER BY "users"."id" ASC LIMIT $2[0m  [["email", "user@user.com"], ["LIMIT", 1]]
  ↳ /Users/herbertvargas/.rbenv/versions/2.5.1/lib/ruby/gems/2.5.0/bundler/gems/devise-3b0bc08ec67d/lib/devise/models/authenticatable.rb:276
  [1m[36mCACHE User Load (0.0ms)[0m  [1m[34mSELECT  "users".* FROM "users" WHERE "users"."email" = $1 ORDER BY "users"."id" ASC LIMIT $2[0m  [["email", "user@user.com"], ["LIMIT", 1]]
  ↳ /Users/herbertvargas/.rbenv/versions/2.5.1/lib/ruby/gems/2.5.0/bundler/gems/devise-3b0bc08ec67d/lib/devise/models/authenticatable.rb:276
Completed 500 Internal Server Error in 597ms (ActiveRecord: 81.7ms)


  
TypeError (no implicit conversion of nil into String):
  
lib/json_web_token.rb:3:in `encode'
app/controllers/api/v1/authentication_controller.rb:22:in `payload'
app/controllers/api/v1/authentication_controller.rb:9:in `authenticate_user'
Started POST "/api/v1/auth_user" for 127.0.0.1 at 2018-08-19 12:21:04 -0500
  [1m[35m (27.7ms)[0m  [1m[34mSELECT "schema_migrations"."version" FROM "schema_migrations" ORDER BY "schema_migrations"."version" ASC[0m
  ↳ /Users/herbertvargas/.rbenv/versions/2.5.1/lib/ruby/gems/2.5.0/gems/activerecord-5.2.0/lib/active_record/log_subscriber.rb:98
Processing by Api::V1::AuthenticationController#authenticate_user as */*
  Parameters: {"email"=>"user@user.com", "password"=>"[FILTERED]", "authentication"=>{"email"=>"user@user.com", "password"=>"[FILTERED]"}}
  [1m[36mUser Load (0.8ms)[0m  [1m[34mSELECT  "users".* FROM "users" WHERE "users"."email" = $1 ORDER BY "users"."id" ASC LIMIT $2[0m  [["email", "user@user.com"], ["LIMIT", 1]]
  ↳ /Users/herbertvargas/.rbenv/versions/2.5.1/lib/ruby/gems/2.5.0/bundler/gems/devise-3b0bc08ec67d/lib/devise/models/authenticatable.rb:276
  [1m[36mCACHE User Load (0.0ms)[0m  [1m[34mSELECT  "users".* FROM "users" WHERE "users"."email" = $1 ORDER BY "users"."id" ASC LIMIT $2[0m  [["email", "user@user.com"], ["LIMIT", 1]]
  ↳ /Users/herbertvargas/.rbenv/versions/2.5.1/lib/ruby/gems/2.5.0/bundler/gems/devise-3b0bc08ec67d/lib/devise/models/authenticatable.rb:276
Completed 500 Internal Server Error in 230ms (ActiveRecord: 5.2ms)


  
NoMethodError (undefined method `name' for #<User:0x00007fc43399afa8>):
  
app/controllers/api/v1/authentication_controller.rb:23:in `payload'
app/controllers/api/v1/authentication_controller.rb:9:in `authenticate_user'
Started POST "/api/v1/auth_user" for 127.0.0.1 at 2018-08-19 12:27:41 -0500
Processing by Api::V1::AuthenticationController#authenticate_user as */*
  Parameters: {"email"=>"user@user.com", "password"=>"[FILTERED]", "authentication"=>{"email"=>"user@user.com", "password"=>"[FILTERED]"}}
  [1m[36mUser Load (1.0ms)[0m  [1m[34mSELECT  "users".* FROM "users" WHERE "users"."email" = $1 ORDER BY "users"."id" ASC LIMIT $2[0m  [["email", "user@user.com"], ["LIMIT", 1]]
  ↳ /Users/herbertvargas/.rbenv/versions/2.5.1/lib/ruby/gems/2.5.0/bundler/gems/devise-3b0bc08ec67d/lib/devise/models/authenticatable.rb:276
  [1m[36mCACHE User Load (0.0ms)[0m  [1m[34mSELECT  "users".* FROM "users" WHERE "users"."email" = $1 ORDER BY "users"."id" ASC LIMIT $2[0m  [["email", "user@user.com"], ["LIMIT", 1]]
  ↳ /Users/herbertvargas/.rbenv/versions/2.5.1/lib/ruby/gems/2.5.0/bundler/gems/devise-3b0bc08ec67d/lib/devise/models/authenticatable.rb:276
Completed 200 OK in 178ms (Views: 0.7ms | ActiveRecord: 12.5ms)


  [1m[36mHelpCenter Load (58.4ms)[0m  [1m[34mSELECT  "help_centers".* FROM "help_centers" ORDER BY create_at DESC LIMIT $1[0m  [["LIMIT", 11]]
  [1m[36mHelpCenter Load (1.2ms)[0m  [1m[34mSELECT  "help_centers".* FROM "help_centers" ORDER BY name DESC LIMIT $1[0m  [["LIMIT", 11]]
Started POST "/api/v1/auth_user" for 127.0.0.1 at 2018-08-19 18:00:53 -0500
Processing by Api::V1::AuthenticationController#authenticate_user as */*
  Parameters: {"‘{“email”:"=>nil}
  [1m[36mUser Load (1.1ms)[0m  [1m[34mSELECT  "users".* FROM "users" WHERE "users"."email" = $1 ORDER BY "users"."id" ASC LIMIT $2[0m  [["email", ""], ["LIMIT", 1]]
  ↳ /Users/herbertvargas/.rbenv/versions/2.5.1/lib/ruby/gems/2.5.0/bundler/gems/devise-3b0bc08ec67d/lib/devise/models/authenticatable.rb:276
Completed 401 Unauthorized in 17ms (Views: 0.6ms | ActiveRecord: 9.9ms)


Started POST "/api/v1/auth_user" for 127.0.0.1 at 2018-08-19 18:02:38 -0500
Processing by Api::V1::AuthenticationController#authenticate_user as */*
  Parameters: {"‘{“auth”:"=>nil}
  [1m[36mUser Load (0.5ms)[0m  [1m[34mSELECT  "users".* FROM "users" WHERE "users"."email" = $1 ORDER BY "users"."id" ASC LIMIT $2[0m  [["email", ""], ["LIMIT", 1]]
  ↳ /Users/herbertvargas/.rbenv/versions/2.5.1/lib/ruby/gems/2.5.0/bundler/gems/devise-3b0bc08ec67d/lib/devise/models/authenticatable.rb:276
Completed 401 Unauthorized in 2ms (Views: 0.5ms | ActiveRecord: 0.5ms)


Started POST "/api/v1/auth_user" for 127.0.0.1 at 2018-08-19 18:02:58 -0500
Processing by Api::V1::AuthenticationController#authenticate_user as */*
  Parameters: {"email"=>"user@user.com", "password"=>"[FILTERED]", "authentication"=>{"email"=>"user@user.com", "password"=>"[FILTERED]"}}
  [1m[36mUser Load (0.5ms)[0m  [1m[34mSELECT  "users".* FROM "users" WHERE "users"."email" = $1 ORDER BY "users"."id" ASC LIMIT $2[0m  [["email", "user@user.com"], ["LIMIT", 1]]
  ↳ /Users/herbertvargas/.rbenv/versions/2.5.1/lib/ruby/gems/2.5.0/bundler/gems/devise-3b0bc08ec67d/lib/devise/models/authenticatable.rb:276
  [1m[36mCACHE User Load (0.0ms)[0m  [1m[34mSELECT  "users".* FROM "users" WHERE "users"."email" = $1 ORDER BY "users"."id" ASC LIMIT $2[0m  [["email", "user@user.com"], ["LIMIT", 1]]
  ↳ /Users/herbertvargas/.rbenv/versions/2.5.1/lib/ruby/gems/2.5.0/bundler/gems/devise-3b0bc08ec67d/lib/devise/models/authenticatable.rb:276
Completed 200 OK in 168ms (Views: 0.2ms | ActiveRecord: 0.5ms)


Started GET "/help_centers" for 127.0.0.1 at 2018-08-19 18:04:04 -0500
Processing by HelpCentersController#index as HTML
  Rendering help_centers/index.html.erb within layouts/application
  [1m[36mHelpCenter Load (0.9ms)[0m  [1m[34mSELECT "help_centers".* FROM "help_centers"[0m
  ↳ app/views/help_centers/index.html.erb:20
  Rendered help_centers/index.html.erb within layouts/application (19.7ms)
  [1m[36mUser Load (0.8ms)[0m  [1m[34mSELECT  "users".* FROM "users" WHERE "users"."id" = $1 ORDER BY "users"."id" ASC LIMIT $2[0m  [["id", 1], ["LIMIT", 1]]
  ↳ /Users/herbertvargas/.rbenv/versions/2.5.1/lib/ruby/gems/2.5.0/bundler/gems/devise-3b0bc08ec67d/lib/devise/models/authenticatable.rb:238
Completed 200 OK in 842ms (Views: 631.1ms | ActiveRecord: 4.6ms)


Started GET "/help_centers" for 127.0.0.1 at 2018-08-19 18:04:38 -0500
Processing by HelpCentersController#index as */*
  Rendering help_centers/index.html.erb within layouts/application
  [1m[36mHelpCenter Load (0.4ms)[0m  [1m[34mSELECT "help_centers".* FROM "help_centers"[0m
  ↳ app/views/help_centers/index.html.erb:20
  Rendered help_centers/index.html.erb within layouts/application (2.4ms)
Completed 200 OK in 164ms (Views: 100.9ms | ActiveRecord: 0.4ms)


Started GET "/api/v1/auth_user" for 127.0.0.1 at 2018-08-19 18:09:54 -0500
  
ActionController::RoutingError (No route matches [GET] "/api/v1/auth_user"):
  
actionpack (5.2.0) lib/action_dispatch/middleware/debug_exceptions.rb:65:in `call'
web-console (3.6.2) lib/web_console/middleware.rb:135:in `call_app'
web-console (3.6.2) lib/web_console/middleware.rb:30:in `block in call'
web-console (3.6.2) lib/web_console/middleware.rb:20:in `catch'
web-console (3.6.2) lib/web_console/middleware.rb:20:in `call'
actionpack (5.2.0) lib/action_dispatch/middleware/show_exceptions.rb:33:in `call'
railties (5.2.0) lib/rails/rack/logger.rb:38:in `call_app'
railties (5.2.0) lib/rails/rack/logger.rb:26:in `block in call'
activesupport (5.2.0) lib/active_support/tagged_logging.rb:71:in `block in tagged'
activesupport (5.2.0) lib/active_support/tagged_logging.rb:28:in `tagged'
activesupport (5.2.0) lib/active_support/tagged_logging.rb:71:in `tagged'
railties (5.2.0) lib/rails/rack/logger.rb:26:in `call'
sprockets-rails (3.2.1) lib/sprockets/rails/quiet_assets.rb:13:in `call'
actionpack (5.2.0) lib/action_dispatch/middleware/remote_ip.rb:81:in `call'
actionpack (5.2.0) lib/action_dispatch/middleware/request_id.rb:27:in `call'
rack (2.0.5) lib/rack/method_override.rb:22:in `call'
rack (2.0.5) lib/rack/runtime.rb:22:in `call'
activesupport (5.2.0) lib/active_support/cache/strategy/local_cache_middleware.rb:29:in `call'
actionpack (5.2.0) lib/action_dispatch/middleware/executor.rb:14:in `call'
actionpack (5.2.0) lib/action_dispatch/middleware/static.rb:127:in `call'
rack (2.0.5) lib/rack/sendfile.rb:111:in `call'
railties (5.2.0) lib/rails/engine.rb:524:in `call'
puma (3.12.0) lib/puma/configuration.rb:225:in `call'
puma (3.12.0) lib/puma/server.rb:658:in `handle_request'
puma (3.12.0) lib/puma/server.rb:472:in `process_client'
puma (3.12.0) lib/puma/server.rb:332:in `block in run'
puma (3.12.0) lib/puma/thread_pool.rb:133:in `block in spawn_thread'
Started GET "/api/v1/help_centers" for 127.0.0.1 at 2018-08-19 18:10:14 -0500
  
ActionController::RoutingError (No route matches [GET] "/api/v1/help_centers"):
  
actionpack (5.2.0) lib/action_dispatch/middleware/debug_exceptions.rb:65:in `call'
web-console (3.6.2) lib/web_console/middleware.rb:135:in `call_app'
web-console (3.6.2) lib/web_console/middleware.rb:30:in `block in call'
web-console (3.6.2) lib/web_console/middleware.rb:20:in `catch'
web-console (3.6.2) lib/web_console/middleware.rb:20:in `call'
actionpack (5.2.0) lib/action_dispatch/middleware/show_exceptions.rb:33:in `call'
railties (5.2.0) lib/rails/rack/logger.rb:38:in `call_app'
railties (5.2.0) lib/rails/rack/logger.rb:26:in `block in call'
activesupport (5.2.0) lib/active_support/tagged_logging.rb:71:in `block in tagged'
activesupport (5.2.0) lib/active_support/tagged_logging.rb:28:in `tagged'
activesupport (5.2.0) lib/active_support/tagged_logging.rb:71:in `tagged'
railties (5.2.0) lib/rails/rack/logger.rb:26:in `call'
sprockets-rails (3.2.1) lib/sprockets/rails/quiet_assets.rb:13:in `call'
actionpack (5.2.0) lib/action_dispatch/middleware/remote_ip.rb:81:in `call'
actionpack (5.2.0) lib/action_dispatch/middleware/request_id.rb:27:in `call'
rack (2.0.5) lib/rack/method_override.rb:22:in `call'
rack (2.0.5) lib/rack/runtime.rb:22:in `call'
activesupport (5.2.0) lib/active_support/cache/strategy/local_cache_middleware.rb:29:in `call'
actionpack (5.2.0) lib/action_dispatch/middleware/executor.rb:14:in `call'
actionpack (5.2.0) lib/action_dispatch/middleware/static.rb:127:in `call'
rack (2.0.5) lib/rack/sendfile.rb:111:in `call'
railties (5.2.0) lib/rails/engine.rb:524:in `call'
puma (3.12.0) lib/puma/configuration.rb:225:in `call'
puma (3.12.0) lib/puma/server.rb:658:in `handle_request'
puma (3.12.0) lib/puma/server.rb:472:in `process_client'
puma (3.12.0) lib/puma/server.rb:332:in `block in run'
puma (3.12.0) lib/puma/thread_pool.rb:133:in `block in spawn_thread'
Started GET "/api/v1/help_centers" for 127.0.0.1 at 2018-08-19 18:11:11 -0500
  [1m[35m (13.0ms)[0m  [1m[34mSELECT "schema_migrations"."version" FROM "schema_migrations" ORDER BY "schema_migrations"."version" ASC[0m
  ↳ /Users/herbertvargas/.rbenv/versions/2.5.1/lib/ruby/gems/2.5.0/gems/activerecord-5.2.0/lib/active_record/log_subscriber.rb:98
  
LoadError (Unable to autoload constant Api::V1::HelpCentersController, expected /Users/herbertvargas/Documents/Training/FullStack/n1mapp/app/controllers/api/v1/help_centers_controller.rb to define it):
  
activesupport (5.2.0) lib/active_support/dependencies.rb:503:in `load_missing_constant'
bootsnap (1.3.1) lib/bootsnap/load_path_cache/core_ext/active_support.rb:43:in `load_missing_constant'
activesupport (5.2.0) lib/active_support/dependencies.rb:193:in `const_missing'
activesupport (5.2.0) lib/active_support/inflector/methods.rb:285:in `const_get'
activesupport (5.2.0) lib/active_support/inflector/methods.rb:285:in `block in constantize'
activesupport (5.2.0) lib/active_support/inflector/methods.rb:281:in `each'
activesupport (5.2.0) lib/active_support/inflector/methods.rb:281:in `inject'
activesupport (5.2.0) lib/active_support/inflector/methods.rb:281:in `constantize'
activesupport (5.2.0) lib/active_support/dependencies.rb:574:in `get'
activesupport (5.2.0) lib/active_support/dependencies.rb:605:in `constantize'
actionpack (5.2.0) lib/action_dispatch/http/request.rb:88:in `controller_class_for'
actionpack (5.2.0) lib/action_dispatch/http/parameters.rb:101:in `binary_params_for?'
actionpack (5.2.0) lib/action_dispatch/http/parameters.rb:92:in `set_binary_encoding'
actionpack (5.2.0) lib/action_dispatch/http/parameters.rb:69:in `path_parameters='
actionpack (5.2.0) lib/action_dispatch/journey/router.rb:50:in `block in serve'
actionpack (5.2.0) lib/action_dispatch/journey/router.rb:35:in `each'
actionpack (5.2.0) lib/action_dispatch/journey/router.rb:35:in `serve'
actionpack (5.2.0) lib/action_dispatch/routing/route_set.rb:840:in `call'
warden (1.2.7) lib/warden/manager.rb:36:in `block in call'
warden (1.2.7) lib/warden/manager.rb:35:in `catch'
warden (1.2.7) lib/warden/manager.rb:35:in `call'
rack (2.0.5) lib/rack/tempfile_reaper.rb:15:in `call'
rack (2.0.5) lib/rack/etag.rb:25:in `call'
rack (2.0.5) lib/rack/conditional_get.rb:25:in `call'
rack (2.0.5) lib/rack/head.rb:12:in `call'
actionpack (5.2.0) lib/action_dispatch/http/content_security_policy.rb:18:in `call'
rack (2.0.5) lib/rack/session/abstract/id.rb:232:in `context'
rack (2.0.5) lib/rack/session/abstract/id.rb:226:in `call'
actionpack (5.2.0) lib/action_dispatch/middleware/cookies.rb:670:in `call'
activerecord (5.2.0) lib/active_record/migration.rb:559:in `call'
actionpack (5.2.0) lib/action_dispatch/middleware/callbacks.rb:28:in `block in call'
activesupport (5.2.0) lib/active_support/callbacks.rb:98:in `run_callbacks'
actionpack (5.2.0) lib/action_dispatch/middleware/callbacks.rb:26:in `call'
actionpack (5.2.0) lib/action_dispatch/middleware/executor.rb:14:in `call'
actionpack (5.2.0) lib/action_dispatch/middleware/debug_exceptions.rb:61:in `call'
web-console (3.6.2) lib/web_console/middleware.rb:135:in `call_app'
web-console (3.6.2) lib/web_console/middleware.rb:30:in `block in call'
web-console (3.6.2) lib/web_console/middleware.rb:20:in `catch'
web-console (3.6.2) lib/web_console/middleware.rb:20:in `call'
actionpack (5.2.0) lib/action_dispatch/middleware/show_exceptions.rb:33:in `call'
railties (5.2.0) lib/rails/rack/logger.rb:38:in `call_app'
railties (5.2.0) lib/rails/rack/logger.rb:26:in `block in call'
activesupport (5.2.0) lib/active_support/tagged_logging.rb:71:in `block in tagged'
activesupport (5.2.0) lib/active_support/tagged_logging.rb:28:in `tagged'
activesupport (5.2.0) lib/active_support/tagged_logging.rb:71:in `tagged'
railties (5.2.0) lib/rails/rack/logger.rb:26:in `call'
sprockets-rails (3.2.1) lib/sprockets/rails/quiet_assets.rb:13:in `call'
actionpack (5.2.0) lib/action_dispatch/middleware/remote_ip.rb:81:in `call'
actionpack (5.2.0) lib/action_dispatch/middleware/request_id.rb:27:in `call'
rack (2.0.5) lib/rack/method_override.rb:22:in `call'
rack (2.0.5) lib/rack/runtime.rb:22:in `call'
activesupport (5.2.0) lib/active_support/cache/strategy/local_cache_middleware.rb:29:in `call'
actionpack (5.2.0) lib/action_dispatch/middleware/executor.rb:14:in `call'
actionpack (5.2.0) lib/action_dispatch/middleware/static.rb:127:in `call'
rack (2.0.5) lib/rack/sendfile.rb:111:in `call'
railties (5.2.0) lib/rails/engine.rb:524:in `call'
puma (3.12.0) lib/puma/configuration.rb:225:in `call'
puma (3.12.0) lib/puma/server.rb:658:in `handle_request'
puma (3.12.0) lib/puma/server.rb:472:in `process_client'
puma (3.12.0) lib/puma/server.rb:332:in `block in run'
puma (3.12.0) lib/puma/thread_pool.rb:133:in `block in spawn_thread'
Started GET "/api/v1/help_centers" for 127.0.0.1 at 2018-08-19 18:13:03 -0500
  
LoadError (Unable to autoload constant Api::V1::HelpCentersController, expected /Users/herbertvargas/Documents/Training/FullStack/n1mapp/app/controllers/api/v1/help_centers_controller.rb to define it):
  
activesupport (5.2.0) lib/active_support/dependencies.rb:503:in `load_missing_constant'
bootsnap (1.3.1) lib/bootsnap/load_path_cache/core_ext/active_support.rb:43:in `load_missing_constant'
activesupport (5.2.0) lib/active_support/dependencies.rb:193:in `const_missing'
activesupport (5.2.0) lib/active_support/inflector/methods.rb:285:in `const_get'
activesupport (5.2.0) lib/active_support/inflector/methods.rb:285:in `block in constantize'
activesupport (5.2.0) lib/active_support/inflector/methods.rb:281:in `each'
activesupport (5.2.0) lib/active_support/inflector/methods.rb:281:in `inject'
activesupport (5.2.0) lib/active_support/inflector/methods.rb:281:in `constantize'
activesupport (5.2.0) lib/active_support/dependencies.rb:574:in `get'
activesupport (5.2.0) lib/active_support/dependencies.rb:605:in `constantize'
actionpack (5.2.0) lib/action_dispatch/http/request.rb:88:in `controller_class_for'
actionpack (5.2.0) lib/action_dispatch/http/parameters.rb:101:in `binary_params_for?'
actionpack (5.2.0) lib/action_dispatch/http/parameters.rb:92:in `set_binary_encoding'
actionpack (5.2.0) lib/action_dispatch/http/parameters.rb:69:in `path_parameters='
actionpack (5.2.0) lib/action_dispatch/journey/router.rb:50:in `block in serve'
actionpack (5.2.0) lib/action_dispatch/journey/router.rb:35:in `each'
actionpack (5.2.0) lib/action_dispatch/journey/router.rb:35:in `serve'
actionpack (5.2.0) lib/action_dispatch/routing/route_set.rb:840:in `call'
warden (1.2.7) lib/warden/manager.rb:36:in `block in call'
warden (1.2.7) lib/warden/manager.rb:35:in `catch'
warden (1.2.7) lib/warden/manager.rb:35:in `call'
rack (2.0.5) lib/rack/tempfile_reaper.rb:15:in `call'
rack (2.0.5) lib/rack/etag.rb:25:in `call'
rack (2.0.5) lib/rack/conditional_get.rb:25:in `call'
rack (2.0.5) lib/rack/head.rb:12:in `call'
actionpack (5.2.0) lib/action_dispatch/http/content_security_policy.rb:18:in `call'
rack (2.0.5) lib/rack/session/abstract/id.rb:232:in `context'
rack (2.0.5) lib/rack/session/abstract/id.rb:226:in `call'
actionpack (5.2.0) lib/action_dispatch/middleware/cookies.rb:670:in `call'
activerecord (5.2.0) lib/active_record/migration.rb:559:in `call'
actionpack (5.2.0) lib/action_dispatch/middleware/callbacks.rb:28:in `block in call'
activesupport (5.2.0) lib/active_support/callbacks.rb:98:in `run_callbacks'
actionpack (5.2.0) lib/action_dispatch/middleware/callbacks.rb:26:in `call'
actionpack (5.2.0) lib/action_dispatch/middleware/executor.rb:14:in `call'
actionpack (5.2.0) lib/action_dispatch/middleware/debug_exceptions.rb:61:in `call'
web-console (3.6.2) lib/web_console/middleware.rb:135:in `call_app'
web-console (3.6.2) lib/web_console/middleware.rb:30:in `block in call'
web-console (3.6.2) lib/web_console/middleware.rb:20:in `catch'
web-console (3.6.2) lib/web_console/middleware.rb:20:in `call'
actionpack (5.2.0) lib/action_dispatch/middleware/show_exceptions.rb:33:in `call'
railties (5.2.0) lib/rails/rack/logger.rb:38:in `call_app'
railties (5.2.0) lib/rails/rack/logger.rb:26:in `block in call'
activesupport (5.2.0) lib/active_support/tagged_logging.rb:71:in `block in tagged'
activesupport (5.2.0) lib/active_support/tagged_logging.rb:28:in `tagged'
activesupport (5.2.0) lib/active_support/tagged_logging.rb:71:in `tagged'
railties (5.2.0) lib/rails/rack/logger.rb:26:in `call'
sprockets-rails (3.2.1) lib/sprockets/rails/quiet_assets.rb:13:in `call'
actionpack (5.2.0) lib/action_dispatch/middleware/remote_ip.rb:81:in `call'
actionpack (5.2.0) lib/action_dispatch/middleware/request_id.rb:27:in `call'
rack (2.0.5) lib/rack/method_override.rb:22:in `call'
rack (2.0.5) lib/rack/runtime.rb:22:in `call'
activesupport (5.2.0) lib/active_support/cache/strategy/local_cache_middleware.rb:29:in `call'
actionpack (5.2.0) lib/action_dispatch/middleware/executor.rb:14:in `call'
actionpack (5.2.0) lib/action_dispatch/middleware/static.rb:127:in `call'
rack (2.0.5) lib/rack/sendfile.rb:111:in `call'
railties (5.2.0) lib/rails/engine.rb:524:in `call'
puma (3.12.0) lib/puma/configuration.rb:225:in `call'
puma (3.12.0) lib/puma/server.rb:658:in `handle_request'
puma (3.12.0) lib/puma/server.rb:472:in `process_client'
puma (3.12.0) lib/puma/server.rb:332:in `block in run'
puma (3.12.0) lib/puma/thread_pool.rb:133:in `block in spawn_thread'
Started GET "/api/v1/help_centers" for 127.0.0.1 at 2018-08-19 21:15:07 -0500
  
LoadError (Unable to autoload constant Api::V1::HelpCentersController, expected /Users/herbertvargas/Documents/Training/FullStack/n1mapp/app/controllers/api/v1/help_centers_controller.rb to define it):
  
activesupport (5.2.0) lib/active_support/dependencies.rb:503:in `load_missing_constant'
bootsnap (1.3.1) lib/bootsnap/load_path_cache/core_ext/active_support.rb:43:in `load_missing_constant'
activesupport (5.2.0) lib/active_support/dependencies.rb:193:in `const_missing'
activesupport (5.2.0) lib/active_support/inflector/methods.rb:285:in `const_get'
activesupport (5.2.0) lib/active_support/inflector/methods.rb:285:in `block in constantize'
activesupport (5.2.0) lib/active_support/inflector/methods.rb:281:in `each'
activesupport (5.2.0) lib/active_support/inflector/methods.rb:281:in `inject'
activesupport (5.2.0) lib/active_support/inflector/methods.rb:281:in `constantize'
activesupport (5.2.0) lib/active_support/dependencies.rb:574:in `get'
activesupport (5.2.0) lib/active_support/dependencies.rb:605:in `constantize'
actionpack (5.2.0) lib/action_dispatch/http/request.rb:88:in `controller_class_for'
actionpack (5.2.0) lib/action_dispatch/http/parameters.rb:101:in `binary_params_for?'
actionpack (5.2.0) lib/action_dispatch/http/parameters.rb:92:in `set_binary_encoding'
actionpack (5.2.0) lib/action_dispatch/http/parameters.rb:69:in `path_parameters='
actionpack (5.2.0) lib/action_dispatch/journey/router.rb:50:in `block in serve'
actionpack (5.2.0) lib/action_dispatch/journey/router.rb:35:in `each'
actionpack (5.2.0) lib/action_dispatch/journey/router.rb:35:in `serve'
actionpack (5.2.0) lib/action_dispatch/routing/route_set.rb:840:in `call'
warden (1.2.7) lib/warden/manager.rb:36:in `block in call'
warden (1.2.7) lib/warden/manager.rb:35:in `catch'
warden (1.2.7) lib/warden/manager.rb:35:in `call'
rack (2.0.5) lib/rack/tempfile_reaper.rb:15:in `call'
rack (2.0.5) lib/rack/etag.rb:25:in `call'
rack (2.0.5) lib/rack/conditional_get.rb:25:in `call'
rack (2.0.5) lib/rack/head.rb:12:in `call'
actionpack (5.2.0) lib/action_dispatch/http/content_security_policy.rb:18:in `call'
rack (2.0.5) lib/rack/session/abstract/id.rb:232:in `context'
rack (2.0.5) lib/rack/session/abstract/id.rb:226:in `call'
actionpack (5.2.0) lib/action_dispatch/middleware/cookies.rb:670:in `call'
activerecord (5.2.0) lib/active_record/migration.rb:559:in `call'
actionpack (5.2.0) lib/action_dispatch/middleware/callbacks.rb:28:in `block in call'
activesupport (5.2.0) lib/active_support/callbacks.rb:98:in `run_callbacks'
actionpack (5.2.0) lib/action_dispatch/middleware/callbacks.rb:26:in `call'
actionpack (5.2.0) lib/action_dispatch/middleware/executor.rb:14:in `call'
actionpack (5.2.0) lib/action_dispatch/middleware/debug_exceptions.rb:61:in `call'
web-console (3.6.2) lib/web_console/middleware.rb:135:in `call_app'
web-console (3.6.2) lib/web_console/middleware.rb:30:in `block in call'
web-console (3.6.2) lib/web_console/middleware.rb:20:in `catch'
web-console (3.6.2) lib/web_console/middleware.rb:20:in `call'
actionpack (5.2.0) lib/action_dispatch/middleware/show_exceptions.rb:33:in `call'
railties (5.2.0) lib/rails/rack/logger.rb:38:in `call_app'
railties (5.2.0) lib/rails/rack/logger.rb:26:in `block in call'
activesupport (5.2.0) lib/active_support/tagged_logging.rb:71:in `block in tagged'
activesupport (5.2.0) lib/active_support/tagged_logging.rb:28:in `tagged'
activesupport (5.2.0) lib/active_support/tagged_logging.rb:71:in `tagged'
railties (5.2.0) lib/rails/rack/logger.rb:26:in `call'
sprockets-rails (3.2.1) lib/sprockets/rails/quiet_assets.rb:13:in `call'
actionpack (5.2.0) lib/action_dispatch/middleware/remote_ip.rb:81:in `call'
actionpack (5.2.0) lib/action_dispatch/middleware/request_id.rb:27:in `call'
rack (2.0.5) lib/rack/method_override.rb:22:in `call'
rack (2.0.5) lib/rack/runtime.rb:22:in `call'
activesupport (5.2.0) lib/active_support/cache/strategy/local_cache_middleware.rb:29:in `call'
actionpack (5.2.0) lib/action_dispatch/middleware/executor.rb:14:in `call'
actionpack (5.2.0) lib/action_dispatch/middleware/static.rb:127:in `call'
rack (2.0.5) lib/rack/sendfile.rb:111:in `call'
railties (5.2.0) lib/rails/engine.rb:524:in `call'
puma (3.12.0) lib/puma/configuration.rb:225:in `call'
puma (3.12.0) lib/puma/server.rb:658:in `handle_request'
puma (3.12.0) lib/puma/server.rb:472:in `process_client'
puma (3.12.0) lib/puma/server.rb:332:in `block in run'
puma (3.12.0) lib/puma/thread_pool.rb:133:in `block in spawn_thread'
Started GET "/api/v1/help_centers" for 127.0.0.1 at 2018-08-19 21:16:14 -0500
Processing by Api::V1::HelpCentersController#index as */*
  Parameters: {"help_center"=>{}}
  [1m[36mUser Load (0.7ms)[0m  [1m[34mSELECT  "users".* FROM "users" WHERE "users"."id" = $1 LIMIT $2[0m  [["id", 1], ["LIMIT", 1]]
  ↳ app/controllers/api/v1/api_application_controller.rb:12
  [1m[36mHelpCenter Load (7.9ms)[0m  [1m[34mSELECT "help_centers".* FROM "help_centers" ORDER BY name DESC[0m
  ↳ app/controllers/api/v1/help_centers_controller.rb:7
Completed 200 OK in 101ms (Views: 12.8ms | ActiveRecord: 35.4ms)


Started GET "/api/v1/help_centers" for 127.0.0.1 at 2018-08-19 21:17:45 -0500
Processing by Api::V1::HelpCentersController#index as */*
  Parameters: {"help_center"=>{}}
  [1m[36mUser Load (0.4ms)[0m  [1m[34mSELECT  "users".* FROM "users" WHERE "users"."id" = $1 LIMIT $2[0m  [["id", 1], ["LIMIT", 1]]
  ↳ app/controllers/api/v1/api_application_controller.rb:12
  [1m[36mHelpCenter Load (0.6ms)[0m  [1m[34mSELECT "help_centers".* FROM "help_centers" ORDER BY name DESC[0m
  ↳ app/controllers/api/v1/help_centers_controller.rb:7
Completed 200 OK in 36ms (Views: 14.4ms | ActiveRecord: 8.9ms)


Started GET "/api/v1/help_centers" for 127.0.0.1 at 2018-08-19 21:25:12 -0500
Processing by Api::V1::HelpCentersController#index as */*
  Parameters: {"help_center"=>{}}
  [1m[36mUser Load (1.1ms)[0m  [1m[34mSELECT  "users".* FROM "users" WHERE "users"."id" = $1 LIMIT $2[0m  [["id", 1], ["LIMIT", 1]]
  ↳ app/controllers/api/v1/api_application_controller.rb:12
  [1m[36mHelpCenter Load (1.2ms)[0m  [1m[34mSELECT "help_centers".* FROM "help_centers" ORDER BY name DESC[0m
  ↳ app/controllers/api/v1/help_centers_controller.rb:7
Completed 200 OK in 21ms (Views: 10.5ms | ActiveRecord: 2.2ms)


Started POST "/api/v1/auth_user" for 127.0.0.1 at 2018-08-19 21:26:32 -0500
Processing by Api::V1::AuthenticationController#authenticate_user as */*
  Parameters: {"email"=>"user@user.com", "password"=>"[FILTERED]", "authentication"=>{"email"=>"user@user.com", "password"=>"[FILTERED]"}}
  [1m[36mUser Load (1.0ms)[0m  [1m[34mSELECT  "users".* FROM "users" WHERE "users"."email" = $1 ORDER BY "users"."id" ASC LIMIT $2[0m  [["email", "user@user.com"], ["LIMIT", 1]]
  ↳ /Users/herbertvargas/.rbenv/versions/2.5.1/lib/ruby/gems/2.5.0/bundler/gems/devise-3b0bc08ec67d/lib/devise/models/authenticatable.rb:276
  [1m[36mCACHE User Load (0.0ms)[0m  [1m[34mSELECT  "users".* FROM "users" WHERE "users"."email" = $1 ORDER BY "users"."id" ASC LIMIT $2[0m  [["email", "user@user.com"], ["LIMIT", 1]]
  ↳ /Users/herbertvargas/.rbenv/versions/2.5.1/lib/ruby/gems/2.5.0/bundler/gems/devise-3b0bc08ec67d/lib/devise/models/authenticatable.rb:276
Completed 200 OK in 248ms (Views: 0.4ms | ActiveRecord: 1.0ms)


Started GET "/api/v1/help_centers/show/1" for 127.0.0.1 at 2018-08-19 21:29:55 -0500
  
ActionController::RoutingError (No route matches [GET] "/api/v1/help_centers/show/1"):
  
actionpack (5.2.0) lib/action_dispatch/middleware/debug_exceptions.rb:65:in `call'
web-console (3.6.2) lib/web_console/middleware.rb:135:in `call_app'
web-console (3.6.2) lib/web_console/middleware.rb:30:in `block in call'
web-console (3.6.2) lib/web_console/middleware.rb:20:in `catch'
web-console (3.6.2) lib/web_console/middleware.rb:20:in `call'
actionpack (5.2.0) lib/action_dispatch/middleware/show_exceptions.rb:33:in `call'
railties (5.2.0) lib/rails/rack/logger.rb:38:in `call_app'
railties (5.2.0) lib/rails/rack/logger.rb:26:in `block in call'
activesupport (5.2.0) lib/active_support/tagged_logging.rb:71:in `block in tagged'
activesupport (5.2.0) lib/active_support/tagged_logging.rb:28:in `tagged'
activesupport (5.2.0) lib/active_support/tagged_logging.rb:71:in `tagged'
railties (5.2.0) lib/rails/rack/logger.rb:26:in `call'
sprockets-rails (3.2.1) lib/sprockets/rails/quiet_assets.rb:13:in `call'
actionpack (5.2.0) lib/action_dispatch/middleware/remote_ip.rb:81:in `call'
actionpack (5.2.0) lib/action_dispatch/middleware/request_id.rb:27:in `call'
rack (2.0.5) lib/rack/method_override.rb:22:in `call'
rack (2.0.5) lib/rack/runtime.rb:22:in `call'
activesupport (5.2.0) lib/active_support/cache/strategy/local_cache_middleware.rb:29:in `call'
actionpack (5.2.0) lib/action_dispatch/middleware/executor.rb:14:in `call'
actionpack (5.2.0) lib/action_dispatch/middleware/static.rb:127:in `call'
rack (2.0.5) lib/rack/sendfile.rb:111:in `call'
railties (5.2.0) lib/rails/engine.rb:524:in `call'
puma (3.12.0) lib/puma/configuration.rb:225:in `call'
puma (3.12.0) lib/puma/server.rb:658:in `handle_request'
puma (3.12.0) lib/puma/server.rb:472:in `process_client'
puma (3.12.0) lib/puma/server.rb:332:in `block in run'
puma (3.12.0) lib/puma/thread_pool.rb:133:in `block in spawn_thread'
Started GET "/api/v1/help_centers/show/1" for 127.0.0.1 at 2018-08-19 21:30:22 -0500
  
ActionController::RoutingError (No route matches [GET] "/api/v1/help_centers/show/1"):
  
actionpack (5.2.0) lib/action_dispatch/middleware/debug_exceptions.rb:65:in `call'
web-console (3.6.2) lib/web_console/middleware.rb:135:in `call_app'
web-console (3.6.2) lib/web_console/middleware.rb:30:in `block in call'
web-console (3.6.2) lib/web_console/middleware.rb:20:in `catch'
web-console (3.6.2) lib/web_console/middleware.rb:20:in `call'
actionpack (5.2.0) lib/action_dispatch/middleware/show_exceptions.rb:33:in `call'
railties (5.2.0) lib/rails/rack/logger.rb:38:in `call_app'
railties (5.2.0) lib/rails/rack/logger.rb:26:in `block in call'
activesupport (5.2.0) lib/active_support/tagged_logging.rb:71:in `block in tagged'
activesupport (5.2.0) lib/active_support/tagged_logging.rb:28:in `tagged'
activesupport (5.2.0) lib/active_support/tagged_logging.rb:71:in `tagged'
railties (5.2.0) lib/rails/rack/logger.rb:26:in `call'
sprockets-rails (3.2.1) lib/sprockets/rails/quiet_assets.rb:13:in `call'
actionpack (5.2.0) lib/action_dispatch/middleware/remote_ip.rb:81:in `call'
actionpack (5.2.0) lib/action_dispatch/middleware/request_id.rb:27:in `call'
rack (2.0.5) lib/rack/method_override.rb:22:in `call'
rack (2.0.5) lib/rack/runtime.rb:22:in `call'
activesupport (5.2.0) lib/active_support/cache/strategy/local_cache_middleware.rb:29:in `call'
actionpack (5.2.0) lib/action_dispatch/middleware/executor.rb:14:in `call'
actionpack (5.2.0) lib/action_dispatch/middleware/static.rb:127:in `call'
rack (2.0.5) lib/rack/sendfile.rb:111:in `call'
railties (5.2.0) lib/rails/engine.rb:524:in `call'
puma (3.12.0) lib/puma/configuration.rb:225:in `call'
puma (3.12.0) lib/puma/server.rb:658:in `handle_request'
puma (3.12.0) lib/puma/server.rb:472:in `process_client'
puma (3.12.0) lib/puma/server.rb:332:in `block in run'
puma (3.12.0) lib/puma/thread_pool.rb:133:in `block in spawn_thread'
Started GET "/help_centers/2" for 127.0.0.1 at 2018-08-19 21:30:41 -0500
Processing by HelpCentersController#show as HTML
  Parameters: {"id"=>"2"}
  [1m[36mHelpCenter Load (0.4ms)[0m  [1m[34mSELECT  "help_centers".* FROM "help_centers" WHERE "help_centers"."id" = $1 LIMIT $2[0m  [["id", 2], ["LIMIT", 1]]
  ↳ app/controllers/help_centers_controller.rb:67
  Rendering help_centers/show.html.erb within layouts/application
  Rendered help_centers/show.html.erb within layouts/application (1.2ms)
  [1m[36mUser Load (0.3ms)[0m  [1m[34mSELECT  "users".* FROM "users" WHERE "users"."id" = $1 ORDER BY "users"."id" ASC LIMIT $2[0m  [["id", 1], ["LIMIT", 1]]
  ↳ /Users/herbertvargas/.rbenv/versions/2.5.1/lib/ruby/gems/2.5.0/bundler/gems/devise-3b0bc08ec67d/lib/devise/models/authenticatable.rb:238
Completed 200 OK in 639ms (Views: 573.3ms | ActiveRecord: 15.0ms)


Started GET "/api/v1/help_centers/1" for 127.0.0.1 at 2018-08-19 21:30:49 -0500
Processing by Api::V1::HelpCentersController#show as */*
  Parameters: {"id"=>"1"}
  [1m[36mUser Load (0.4ms)[0m  [1m[34mSELECT  "users".* FROM "users" WHERE "users"."id" = $1 LIMIT $2[0m  [["id", 1], ["LIMIT", 1]]
  ↳ app/controllers/api/v1/api_application_controller.rb:12
  [1m[36mHelpCenter Load (0.3ms)[0m  [1m[34mSELECT  "help_centers".* FROM "help_centers" WHERE "help_centers"."id" = $1 LIMIT $2[0m  [["id", 1], ["LIMIT", 1]]
  ↳ app/controllers/api/v1/help_centers_controller.rb:11
Completed 200 OK in 6ms (Views: 0.9ms | ActiveRecord: 0.7ms)


Started GET "/api/v1/help_centers/2" for 127.0.0.1 at 2018-08-19 21:31:45 -0500
Processing by Api::V1::HelpCentersController#show as */*
  Parameters: {"id"=>"2"}
  [1m[36mUser Load (0.4ms)[0m  [1m[34mSELECT  "users".* FROM "users" WHERE "users"."id" = $1 LIMIT $2[0m  [["id", 1], ["LIMIT", 1]]
  ↳ app/controllers/api/v1/api_application_controller.rb:12
  [1m[36mHelpCenter Load (0.3ms)[0m  [1m[34mSELECT  "help_centers".* FROM "help_centers" WHERE "help_centers"."id" = $1 LIMIT $2[0m  [["id", 2], ["LIMIT", 1]]
  ↳ app/controllers/api/v1/help_centers_controller.rb:11
Completed 200 OK in 4ms (Views: 0.6ms | ActiveRecord: 0.8ms)


Started GET "/categories" for 127.0.0.1 at 2018-08-19 21:32:03 -0500
Processing by CategoriesController#index as HTML
  Rendering categories/index.html.erb within layouts/application
  [1m[36mCategory Load (89.3ms)[0m  [1m[34mSELECT "categories".* FROM "categories"[0m
  ↳ app/views/categories/index.html.erb:15
  Rendered categories/index.html.erb within layouts/application (95.1ms)
  [1m[36mUser Load (0.7ms)[0m  [1m[34mSELECT  "users".* FROM "users" WHERE "users"."id" = $1 ORDER BY "users"."id" ASC LIMIT $2[0m  [["id", 1], ["LIMIT", 1]]
  ↳ /Users/herbertvargas/.rbenv/versions/2.5.1/lib/ruby/gems/2.5.0/bundler/gems/devise-3b0bc08ec67d/lib/devise/models/authenticatable.rb:238
Completed 200 OK in 520ms (Views: 178.2ms | ActiveRecord: 91.8ms)


Started GET "/categories/new" for 127.0.0.1 at 2018-08-19 21:32:08 -0500
Processing by CategoriesController#new as HTML
  Rendering categories/new.html.erb within layouts/application
  Rendered categories/_form.html.erb (35.6ms)
  Rendered categories/new.html.erb within layouts/application (38.8ms)
  [1m[36mUser Load (0.7ms)[0m  [1m[34mSELECT  "users".* FROM "users" WHERE "users"."id" = $1 ORDER BY "users"."id" ASC LIMIT $2[0m  [["id", 1], ["LIMIT", 1]]
  ↳ /Users/herbertvargas/.rbenv/versions/2.5.1/lib/ruby/gems/2.5.0/bundler/gems/devise-3b0bc08ec67d/lib/devise/models/authenticatable.rb:238
Completed 200 OK in 118ms (Views: 78.9ms | ActiveRecord: 3.8ms)


